<?xml version="1.0" encoding="UTF-8"?>
<testsuite xmlns:xsi="http://www.w3.org/2001/XMLSchema-instance" xsi:noNamespaceSchemaLocation="https://maven.apache.org/surefire/maven-surefire-plugin/xsd/surefire-test-report-3.0.xsd" version="3.0" name="runners.LoginRunnerTest" time="19.689" tests="1" errors="0" skipped="0" failures="0">
  <properties>
[...]
</properties>
  <testcase name="Add contact" classname="002 Dashboard Page Feature" time="17.467">
    <system-out><![CDATA[
@functional
Scenario: Add contact                                                          # features/Dashbrd.feature:14
Hook - Before23.17.05
Background - Dashboard
Method - getDriver
D display23.17.17
  Given At login page using valid username and password user in dashboard page # stepDefs.DashboardStep.at_login_page_using_valid_username_and_password_user_in_dashboard_page(io.cucumber.datatable.DataTable)
CRM23.17.17
Add Contact23.17.18
  When user navigates CRM ----> Add Contact                                    # stepDefs.DashboardStep.user_navigates_crm_add_contact()
Contact Header23.17.20
  Then Add Contact page is displayed                                           # stepDefs.DashboardStep.add_contact_page_is_displayed()
FullName23.17.21
Email23.17.21
  When user enters information                                                 # stepDefs.DashboardStep.user_enters_information(io.cucumber.datatable.DataTable)
Submit23.17.21
  And submit the form                                                          # stepDefs.DashboardStep.submit_the_form()
  Then added infromation should display                                        # stepDefs.DashboardStep.added_infromation_should_display()
Hook - After23.17.22
]]></system-out>
    <system-err><![CDATA[Starting ChromeDriver 84.0.4147.30 (48b3e868b4cc0aa7e8149519690b6f6949e110a8-refs/branch-heads/4147@{#310}) on port 8550
Only local connections are allowed.
Please see https://chromedriver.chromium.org/security-considerations for suggestions on keeping ChromeDriver safe.
ChromeDriver was started successfully.
Aug 11, 2020 11:17:11 PM org.openqa.selenium.remote.ProtocolHandshake createSession
INFO: Detected dialect: W3C
]]></system-err>
  </testcase>
</testsuite>